[2023-03-13 09:06:19,370][rest_client.py 52][INFO]: 接口请求的地址>>>http://10.89.33.54:3001/auth/login
[2023-03-13 09:06:19,370][rest_client.py 53][INFO]: 接口请求的方法>>>post
[2023-03-13 09:06:19,370][rest_client.py 57][INFO]: 接口请求的参数>>>
{
  "code": "3",
  "password": "1234Yzn@",
  "t": 1678429484623,
  "username": "Yuzhn",
  "uuid": "666c3e7b00c44f8f9e77f8a820b99418"
}
[2023-03-13 09:06:19,533][response_util.py 12][INFO]: 接口返回的内容>>>: {"code": 200, "msg": null, "data": {"access_token": "64f21aba-a5bb-4a88-bea3-71365c3fb52a", "userInfo": {"token": "64f21aba-a5bb-4a88-bea3-71365c3fb52a", "userid": 2260, "username": "Yuzhn", "loginTime": 1678669578847, "expireTime": 1678712778847, "ipaddr": "10.89.5.51", "permissions": ["system:user:resetPwd", "tech:process:list", "system:user:remove", "system:dept:remove", "system:menu:query", "system:menu:list", "system:role:list", "cm:industryclassification:info", "system:user:import", "work:table:list", "system:user:edit", "system:user:query", "proc:repairorder:confirmAndDistribute", "faultKnowledge:faultknowledgemanage:export", "system:role:edit", "system:user:add", "proc:repairorder:list", "system:dept:list", "system:user:export", "system:role:remove", "tech:process:info", "system:role:add", "proc:repairorder:close", "work:schedule:detail", "system:dept:query", "faultKnowledge:faultknowledgemanage:startProccess", "system:dept:edit", "system:user:list", "faultKnowledge:faultknowledgemanage:excelImport", "faultKnowledge:faultknowledgemanage:list", "proc:repairorder:update", "proc:repairorder:submit", "system:role:export", "work:schedule:list", "proc:repairorder:save", "proc:repairorder:delete", "work:schedule:requestDate", "faultKnowledge:faultknowledgemanage:savePre", "proc:repairorder:listToConfirm", "proc:repairorder:reject", "faultKnowledge:faultknowledgemanage:remove", "faultKnowledge:faultknowledgemanage:update", "system:role:query", "system:dept:add"], "roles": ["common"], "sysUser": {"createBy": "admin", "createTime": null, "updateBy": null, "updateTime": null, "userId": 2260, "deptId": 26, "lvl": null, "userName": "Yuzhn", "nickName": null, "email": "", "mobile": "13652365896", "gender": null, "genderName": null, "age": null, "avatar": "", "avatarName": null, "password": "$2a$10$4oYGiYJAp1VHwRE3m1YfauclWdeDk3QHrkc9CJP.4mxn0qQMno1J2", "status": "0", "delFlag": "0", "loginIp": "", "loginDate": null, "dept": {"createBy": null, "createTime": null, "updateBy": null, "updateTime": null, "deptId": 26, "parentId": 1, "ancestors": null, "deptName": "车辆部", "orderNum": "0", "leader": null, "phone": null, "email": null, "status": "0", "delFlag": null, "parentName": null, "children": [], "parent": null, "lvl": null, "isHavePermissions": null, "deptFlag": null, "createByName": null}, "roles": [{"createBy": null, "createTime": null, "updateBy": null, "updateTime": null, "roleId": 444, "roleName": "YY故障角色车辆专业", "roleKey": "common", "roleSort": null, "dataScope": "1", "menuCheckStrictly": null, "deptCheckStrictly": null, "remark": null, "status": "0", "delFlag": null, "flag": false, "menuIds": null, "deptIds": null, "admin": false}], "roleIds": null, "roleId": null, "name": "余贞妮", "workNumber": null, "job": 21, "jobName": null, "workingYears": null, "employForm": null, "employFormName": null, "entryDate": null, "politicalOutlook": null, "politicalOutlookName": null, "cardId": null, "nativePlace": null, "cornet": null, "addr": null, "carNumber": null, "vehicleNumber": null, "external": 0, "photo": null, "remark": null, "upDepts": null, "workType": null, "firstLogin": 0, "lastCheckPwdDate": "2023-03-08T16:00:00.000+00:00", "isRemind": null, "isExpireRemind": null, "needCheckPwd": 0, "admin": false}, "deptAccess": {"system:user:query": "1,2,260,261,262,7,263,8,3,259,6,33,35,36,38,39,26,265,266,231,232,27,41,42,43,44,50,45,216,240,241,246,250,251,252,253", "proc:repairorder:delete": "1,2,260,261,262,7,263,8,3,259,6,33,35,36,38,39,26,265,266,231,232,27,41,42,43,44,50,45,216,240,241,246,250,251,252,253", "proc:repairorder:list": "1,2,260,261,262,7,263,8,3,259,6,33,35,36,38,39,26,265,266,231,232,27,41,42,43,44,50,45,216,240,241,246,250,251,252,253", "proc:repairorder:close": "1,2,260,261,262,7,263,8,3,259,6,33,35,36,38,39,26,265,266,231,232,27,41,42,43,44,50,45,216,240,241,246,250,251,252,253", "proc:repairorder:submit": "253,240,241,41,42,43,44,50,265,266,231,232,33,35,36,38,39,260,261,262,7,263,8,2,3,259,6,26,27,45,216,246,250,251,252,1", "proc:repairorder:listToConfirm": "1,2,260,261,262,7,263,8,3,259,6,33,35,36,38,39,26,265,266,231,232,27,41,42,43,44,50,45,216,240,241,246,250,251,252,253", "proc:repairorder:confirmAndDistribute": "1,2,260,261,262,7,263,8,3,259,6,33,35,36,38,39,26,265,266,231,232,27,41,42,43,44,50,45,216,240,241,246,250,251,252,253", "work:schedule:detail": "253,240,241,41,42,43,44,50,265,266,231,232,33,35,36,38,39,260,261,262,7,263,8,2,3,259,6,26,27,45,216,246,250,251,252,1", "system:menu:query": "1,2,260,261,262,7,263,8,3,259,6,33,35,36,38,39,26,265,266,231,232,27,41,42,43,44,50,45,216,240,241,246,250,251,252,253", "system:menu:list": "1,2,260,261,262,7,263,8,3,259,6,33,35,36,38,39,26,265,266,231,232,27,41,42,43,44,50,45,216,240,241,246,250,251,252,253", "work:table:list": "253,240,241,41,42,43,44,50,265,266,231,232,33,35,36,38,39,260,261,262,7,263,8,2,3,259,6,26,27,45,216,246,250,251,252,1", "system:dept:query": "253,240,241,41,42,43,44,50,265,266,231,232,33,35,36,38,39,260,261,262,7,263,8,2,3,259,6,26,27,45,216,246,250,251,252,1", "proc:repairorder:update": "1,2,260,261,262,7,263,8,3,259,6,33,35,36,38,39,26,265,266,231,232,27,41,42,43,44,50,45,216,240,241,246,250,251,252,253", "cm:industryclassification:info": "253,240,241,41,42,43,44,50,265,266,231,232,33,35,36,38,39,260,261,262,7,263,8,2,3,259,6,26,27,45,216,246,250,251,252,1", "work:schedule:list": "253,240,241,41,42,43,44,50,265,266,231,232,33,35,36,38,39,260,261,262,7,263,8,2,3,259,6,26,27,45,216,246,250,251,252,1", "proc:repairorder:save": "253,240,241,41,42,43,44,50,265,266,231,232,33,35,36,38,39,260,261,262,7,263,8,2,3,259,6,26,27,45,216,246,250,251,252,1", "work:schedule:requestDate": "253,240,241,41,42,43,44,50,265,266,231,232,33,35,36,38,39,260,261,262,7,263,8,2,3,259,6,26,27,45,216,246,250,251,252,1", "proc:repairorder:reject": "1,2,260,261,262,7,263,8,3,259,6,33,35,36,38,39,26,265,266,231,232,27,41,42,43,44,50,45,216,240,241,246,250,251,252,253", "system:dept:list": "253,240,241,41,42,43,44,50,265,266,231,232,33,35,36,38,39,260,261,262,7,263,8,2,3,259,6,26,27,45,216,246,250,251,252,1", "system:user:list": "1,2,260,261,262,7,263,8,3,259,6,33,35,36,38,39,26,265,266,231,232,27,41,42,43,44,50,45,216,240,241,246,250,251,252,253"}, "professionAccess": {"system:user:query": "CLZY,JDZY,WBZY,CSZY", "proc:repairorder:list": "WBZY", "work:schedule:detail": "CLZY,GDZY,THZY,JDZY,WBZY,CSZY,CSZYE,8,GWZY", "system:menu:query": "CLZY,JDZY,WBZY,CSZY", "system:menu:list": "CLZY,JDZY,WBZY,CSZY", "work:table:list": "CLZY,GDZY,THZY,JDZY,WBZY,CSZY,CSZYE,8,GWZY", "work:schedule:list": "CLZY,GDZY,THZY,JDZY,WBZY,CSZY,CSZYE,8,GWZY", "work:schedule:requestDate": "CLZY,GDZY,THZY,JDZY,WBZY,CSZY,CSZYE,8,GWZY", "system:user:list": "CLZY,JDZY,WBZY,CSZY"}}, "expires_in": 43200}}
[2023-03-13 09:06:19,550][rest_client.py 52][INFO]: 接口请求的地址>>>http://10.89.33.54:3001/mro/ticketClassicOperationTable/table
[2023-03-13 09:06:19,551][rest_client.py 53][INFO]: 接口请求的方法>>>post
[2023-03-13 09:06:19,551][rest_client.py 57][INFO]: 接口请求的参数>>>
{
  "type": "1",
  "name": "API闵行开发区停役15616",
  "line": 3,
  "substation": 919,
  "code": "API348336870",
  "id": "",
  "fileName": ""
}
[2023-03-13 09:06:19,551][rest_client.py 61][INFO]: 接口请求头的参数>>>
{
  "Authorization": "64f21aba-a5bb-4a88-bea3-71365c3fb52a",
  "Content-Type": "application/json"
}
[2023-03-13 09:06:19,585][response_util.py 12][INFO]: 接口返回的内容>>>: {"code": 200, "msg": "操作成功", "data": null}
[2023-03-13 09:06:38,949][rest_client.py 52][INFO]: 接口请求的地址>>>http://10.89.33.54:3001/auth/login
[2023-03-13 09:06:38,950][rest_client.py 53][INFO]: 接口请求的方法>>>post
[2023-03-13 09:06:38,950][rest_client.py 57][INFO]: 接口请求的参数>>>
{
  "code": "3",
  "password": "1234Yzn@",
  "t": 1678429484623,
  "username": "Yuzhn",
  "uuid": "666c3e7b00c44f8f9e77f8a820b99418"
}
[2023-03-13 09:06:39,067][response_util.py 12][INFO]: 接口返回的内容>>>: {"code": 200, "msg": null, "data": {"access_token": "cc9e1819-5963-4319-81ab-7a011ae734a2", "userInfo": {"token": "cc9e1819-5963-4319-81ab-7a011ae734a2", "userid": 2260, "username": "Yuzhn", "loginTime": 1678669598389, "expireTime": 1678712798389, "ipaddr": "10.89.5.51", "permissions": ["system:user:resetPwd", "tech:process:list", "system:user:remove", "system:dept:remove", "system:menu:query", "system:menu:list", "system:role:list", "cm:industryclassification:info", "system:user:import", "work:table:list", "system:user:edit", "system:user:query", "proc:repairorder:confirmAndDistribute", "faultKnowledge:faultknowledgemanage:export", "system:role:edit", "system:user:add", "proc:repairorder:list", "system:dept:list", "system:user:export", "system:role:remove", "tech:process:info", "system:role:add", "proc:repairorder:close", "work:schedule:detail", "system:dept:query", "faultKnowledge:faultknowledgemanage:startProccess", "system:dept:edit", "system:user:list", "faultKnowledge:faultknowledgemanage:excelImport", "faultKnowledge:faultknowledgemanage:list", "proc:repairorder:update", "proc:repairorder:submit", "system:role:export", "work:schedule:list", "proc:repairorder:save", "proc:repairorder:delete", "work:schedule:requestDate", "faultKnowledge:faultknowledgemanage:savePre", "proc:repairorder:listToConfirm", "proc:repairorder:reject", "faultKnowledge:faultknowledgemanage:remove", "faultKnowledge:faultknowledgemanage:update", "system:role:query", "system:dept:add"], "roles": ["common"], "sysUser": {"createBy": "admin", "createTime": null, "updateBy": null, "updateTime": null, "userId": 2260, "deptId": 26, "lvl": null, "userName": "Yuzhn", "nickName": null, "email": "", "mobile": "13652365896", "gender": null, "genderName": null, "age": null, "avatar": "", "avatarName": null, "password": "$2a$10$4oYGiYJAp1VHwRE3m1YfauclWdeDk3QHrkc9CJP.4mxn0qQMno1J2", "status": "0", "delFlag": "0", "loginIp": "", "loginDate": null, "dept": {"createBy": null, "createTime": null, "updateBy": null, "updateTime": null, "deptId": 26, "parentId": 1, "ancestors": null, "deptName": "车辆部", "orderNum": "0", "leader": null, "phone": null, "email": null, "status": "0", "delFlag": null, "parentName": null, "children": [], "parent": null, "lvl": null, "isHavePermissions": null, "deptFlag": null, "createByName": null}, "roles": [{"createBy": null, "createTime": null, "updateBy": null, "updateTime": null, "roleId": 444, "roleName": "YY故障角色车辆专业", "roleKey": "common", "roleSort": null, "dataScope": "1", "menuCheckStrictly": null, "deptCheckStrictly": null, "remark": null, "status": "0", "delFlag": null, "flag": false, "menuIds": null, "deptIds": null, "admin": false}], "roleIds": null, "roleId": null, "name": "余贞妮", "workNumber": null, "job": 21, "jobName": null, "workingYears": null, "employForm": null, "employFormName": null, "entryDate": null, "politicalOutlook": null, "politicalOutlookName": null, "cardId": null, "nativePlace": null, "cornet": null, "addr": null, "carNumber": null, "vehicleNumber": null, "external": 0, "photo": null, "remark": null, "upDepts": null, "workType": null, "firstLogin": 0, "lastCheckPwdDate": "2023-03-08T16:00:00.000+00:00", "isRemind": null, "isExpireRemind": null, "needCheckPwd": 0, "admin": false}, "deptAccess": {"system:user:query": "1,2,260,261,262,7,263,8,3,259,6,33,35,36,38,39,26,265,266,231,232,27,41,42,43,44,50,45,216,240,241,246,250,251,252,253", "proc:repairorder:delete": "1,2,260,261,262,7,263,8,3,259,6,33,35,36,38,39,26,265,266,231,232,27,41,42,43,44,50,45,216,240,241,246,250,251,252,253", "proc:repairorder:list": "1,2,260,261,262,7,263,8,3,259,6,33,35,36,38,39,26,265,266,231,232,27,41,42,43,44,50,45,216,240,241,246,250,251,252,253", "proc:repairorder:close": "1,2,260,261,262,7,263,8,3,259,6,33,35,36,38,39,26,265,266,231,232,27,41,42,43,44,50,45,216,240,241,246,250,251,252,253", "proc:repairorder:submit": "253,240,241,41,42,43,44,50,265,266,231,232,33,35,36,38,39,260,261,262,7,263,8,2,3,259,6,26,27,45,216,246,250,251,252,1", "proc:repairorder:listToConfirm": "1,2,260,261,262,7,263,8,3,259,6,33,35,36,38,39,26,265,266,231,232,27,41,42,43,44,50,45,216,240,241,246,250,251,252,253", "proc:repairorder:confirmAndDistribute": "1,2,260,261,262,7,263,8,3,259,6,33,35,36,38,39,26,265,266,231,232,27,41,42,43,44,50,45,216,240,241,246,250,251,252,253", "work:schedule:detail": "253,240,241,41,42,43,44,50,265,266,231,232,33,35,36,38,39,260,261,262,7,263,8,2,3,259,6,26,27,45,216,246,250,251,252,1", "system:menu:query": "1,2,260,261,262,7,263,8,3,259,6,33,35,36,38,39,26,265,266,231,232,27,41,42,43,44,50,45,216,240,241,246,250,251,252,253", "system:menu:list": "1,2,260,261,262,7,263,8,3,259,6,33,35,36,38,39,26,265,266,231,232,27,41,42,43,44,50,45,216,240,241,246,250,251,252,253", "work:table:list": "253,240,241,41,42,43,44,50,265,266,231,232,33,35,36,38,39,260,261,262,7,263,8,2,3,259,6,26,27,45,216,246,250,251,252,1", "system:dept:query": "253,240,241,41,42,43,44,50,265,266,231,232,33,35,36,38,39,260,261,262,7,263,8,2,3,259,6,26,27,45,216,246,250,251,252,1", "proc:repairorder:update": "1,2,260,261,262,7,263,8,3,259,6,33,35,36,38,39,26,265,266,231,232,27,41,42,43,44,50,45,216,240,241,246,250,251,252,253", "cm:industryclassification:info": "253,240,241,41,42,43,44,50,265,266,231,232,33,35,36,38,39,260,261,262,7,263,8,2,3,259,6,26,27,45,216,246,250,251,252,1", "work:schedule:list": "253,240,241,41,42,43,44,50,265,266,231,232,33,35,36,38,39,260,261,262,7,263,8,2,3,259,6,26,27,45,216,246,250,251,252,1", "proc:repairorder:save": "253,240,241,41,42,43,44,50,265,266,231,232,33,35,36,38,39,260,261,262,7,263,8,2,3,259,6,26,27,45,216,246,250,251,252,1", "work:schedule:requestDate": "253,240,241,41,42,43,44,50,265,266,231,232,33,35,36,38,39,260,261,262,7,263,8,2,3,259,6,26,27,45,216,246,250,251,252,1", "proc:repairorder:reject": "1,2,260,261,262,7,263,8,3,259,6,33,35,36,38,39,26,265,266,231,232,27,41,42,43,44,50,45,216,240,241,246,250,251,252,253", "system:dept:list": "253,240,241,41,42,43,44,50,265,266,231,232,33,35,36,38,39,260,261,262,7,263,8,2,3,259,6,26,27,45,216,246,250,251,252,1", "system:user:list": "1,2,260,261,262,7,263,8,3,259,6,33,35,36,38,39,26,265,266,231,232,27,41,42,43,44,50,45,216,240,241,246,250,251,252,253"}, "professionAccess": {"system:user:query": "CLZY,JDZY,WBZY,CSZY", "proc:repairorder:list": "WBZY", "work:schedule:detail": "CLZY,GDZY,THZY,JDZY,WBZY,CSZY,CSZYE,8,GWZY", "system:menu:query": "CLZY,JDZY,WBZY,CSZY", "system:menu:list": "CLZY,JDZY,WBZY,CSZY", "work:table:list": "CLZY,GDZY,THZY,JDZY,WBZY,CSZY,CSZYE,8,GWZY", "work:schedule:list": "CLZY,GDZY,THZY,JDZY,WBZY,CSZY,CSZYE,8,GWZY", "work:schedule:requestDate": "CLZY,GDZY,THZY,JDZY,WBZY,CSZY,CSZYE,8,GWZY", "system:user:list": "CLZY,JDZY,WBZY,CSZY"}}, "expires_in": 43200}}
[2023-03-13 09:06:39,094][rest_client.py 52][INFO]: 接口请求的地址>>>http://10.89.33.54:3001/mro/ticketClassicOperationTable/table
[2023-03-13 09:06:39,095][rest_client.py 53][INFO]: 接口请求的方法>>>post
[2023-03-13 09:06:39,095][rest_client.py 57][INFO]: 接口请求的参数>>>
{
  "type": "1",
  "name": "API闵行开发区停役15636",
  "line": 3,
  "substation": 919,
  "code": "API160965633",
  "id": "",
  "fileName": ""
}
[2023-03-13 09:06:39,096][rest_client.py 61][INFO]: 接口请求头的参数>>>
{
  "Authorization": "cc9e1819-5963-4319-81ab-7a011ae734a2",
  "Content-Type": "application/json"
}
[2023-03-13 09:06:39,119][response_util.py 12][INFO]: 接口返回的内容>>>: {"code": 200, "msg": "操作成功", "data": null}
[2023-03-13 09:08:54,476][rest_client.py 52][INFO]: 接口请求的地址>>>http://10.89.33.54:3001/auth/login
[2023-03-13 09:08:54,477][rest_client.py 53][INFO]: 接口请求的方法>>>post
[2023-03-13 09:08:54,477][rest_client.py 57][INFO]: 接口请求的参数>>>
{
  "code": "3",
  "password": "1234Yzn@",
  "t": 1678429484623,
  "username": "Yuzhn",
  "uuid": "666c3e7b00c44f8f9e77f8a820b99418"
}
[2023-03-13 09:08:54,620][response_util.py 12][INFO]: 接口返回的内容>>>: {"code": 200, "msg": null, "data": {"access_token": "cbf1b05b-a032-49fc-90dd-5315f2a7d636", "userInfo": {"token": "cbf1b05b-a032-49fc-90dd-5315f2a7d636", "userid": 2260, "username": "Yuzhn", "loginTime": 1678669733940, "expireTime": 1678712933940, "ipaddr": "10.89.5.51", "permissions": ["system:user:resetPwd", "tech:process:list", "system:user:remove", "system:dept:remove", "system:menu:query", "system:menu:list", "system:role:list", "cm:industryclassification:info", "system:user:import", "work:table:list", "system:user:edit", "system:user:query", "proc:repairorder:confirmAndDistribute", "faultKnowledge:faultknowledgemanage:export", "system:role:edit", "system:user:add", "proc:repairorder:list", "system:dept:list", "system:user:export", "system:role:remove", "tech:process:info", "system:role:add", "proc:repairorder:close", "work:schedule:detail", "system:dept:query", "faultKnowledge:faultknowledgemanage:startProccess", "system:dept:edit", "system:user:list", "faultKnowledge:faultknowledgemanage:excelImport", "faultKnowledge:faultknowledgemanage:list", "proc:repairorder:update", "proc:repairorder:submit", "system:role:export", "work:schedule:list", "proc:repairorder:save", "proc:repairorder:delete", "work:schedule:requestDate", "faultKnowledge:faultknowledgemanage:savePre", "proc:repairorder:listToConfirm", "proc:repairorder:reject", "faultKnowledge:faultknowledgemanage:remove", "faultKnowledge:faultknowledgemanage:update", "system:role:query", "system:dept:add"], "roles": ["common"], "sysUser": {"createBy": "admin", "createTime": null, "updateBy": null, "updateTime": null, "userId": 2260, "deptId": 26, "lvl": null, "userName": "Yuzhn", "nickName": null, "email": "", "mobile": "13652365896", "gender": null, "genderName": null, "age": null, "avatar": "", "avatarName": null, "password": "$2a$10$4oYGiYJAp1VHwRE3m1YfauclWdeDk3QHrkc9CJP.4mxn0qQMno1J2", "status": "0", "delFlag": "0", "loginIp": "", "loginDate": null, "dept": {"createBy": null, "createTime": null, "updateBy": null, "updateTime": null, "deptId": 26, "parentId": 1, "ancestors": null, "deptName": "车辆部", "orderNum": "0", "leader": null, "phone": null, "email": null, "status": "0", "delFlag": null, "parentName": null, "children": [], "parent": null, "lvl": null, "isHavePermissions": null, "deptFlag": null, "createByName": null}, "roles": [{"createBy": null, "createTime": null, "updateBy": null, "updateTime": null, "roleId": 444, "roleName": "YY故障角色车辆专业", "roleKey": "common", "roleSort": null, "dataScope": "1", "menuCheckStrictly": null, "deptCheckStrictly": null, "remark": null, "status": "0", "delFlag": null, "flag": false, "menuIds": null, "deptIds": null, "admin": false}], "roleIds": null, "roleId": null, "name": "余贞妮", "workNumber": null, "job": 21, "jobName": null, "workingYears": null, "employForm": null, "employFormName": null, "entryDate": null, "politicalOutlook": null, "politicalOutlookName": null, "cardId": null, "nativePlace": null, "cornet": null, "addr": null, "carNumber": null, "vehicleNumber": null, "external": 0, "photo": null, "remark": null, "upDepts": null, "workType": null, "firstLogin": 0, "lastCheckPwdDate": "2023-03-08T16:00:00.000+00:00", "isRemind": null, "isExpireRemind": null, "needCheckPwd": 0, "admin": false}, "deptAccess": {"system:user:query": "1,2,260,261,262,7,263,8,3,259,6,33,35,36,38,39,26,265,266,231,232,27,41,42,43,44,50,45,216,240,241,246,250,251,252,253", "proc:repairorder:delete": "1,2,260,261,262,7,263,8,3,259,6,33,35,36,38,39,26,265,266,231,232,27,41,42,43,44,50,45,216,240,241,246,250,251,252,253", "proc:repairorder:list": "1,2,260,261,262,7,263,8,3,259,6,33,35,36,38,39,26,265,266,231,232,27,41,42,43,44,50,45,216,240,241,246,250,251,252,253", "proc:repairorder:close": "1,2,260,261,262,7,263,8,3,259,6,33,35,36,38,39,26,265,266,231,232,27,41,42,43,44,50,45,216,240,241,246,250,251,252,253", "proc:repairorder:submit": "253,240,241,41,42,43,44,50,265,266,231,232,33,35,36,38,39,260,261,262,7,263,8,2,3,259,6,26,27,45,216,246,250,251,252,1", "proc:repairorder:listToConfirm": "1,2,260,261,262,7,263,8,3,259,6,33,35,36,38,39,26,265,266,231,232,27,41,42,43,44,50,45,216,240,241,246,250,251,252,253", "proc:repairorder:confirmAndDistribute": "1,2,260,261,262,7,263,8,3,259,6,33,35,36,38,39,26,265,266,231,232,27,41,42,43,44,50,45,216,240,241,246,250,251,252,253", "work:schedule:detail": "253,240,241,41,42,43,44,50,265,266,231,232,33,35,36,38,39,260,261,262,7,263,8,2,3,259,6,26,27,45,216,246,250,251,252,1", "system:menu:query": "1,2,260,261,262,7,263,8,3,259,6,33,35,36,38,39,26,265,266,231,232,27,41,42,43,44,50,45,216,240,241,246,250,251,252,253", "system:menu:list": "1,2,260,261,262,7,263,8,3,259,6,33,35,36,38,39,26,265,266,231,232,27,41,42,43,44,50,45,216,240,241,246,250,251,252,253", "work:table:list": "253,240,241,41,42,43,44,50,265,266,231,232,33,35,36,38,39,260,261,262,7,263,8,2,3,259,6,26,27,45,216,246,250,251,252,1", "system:dept:query": "253,240,241,41,42,43,44,50,265,266,231,232,33,35,36,38,39,260,261,262,7,263,8,2,3,259,6,26,27,45,216,246,250,251,252,1", "proc:repairorder:update": "1,2,260,261,262,7,263,8,3,259,6,33,35,36,38,39,26,265,266,231,232,27,41,42,43,44,50,45,216,240,241,246,250,251,252,253", "cm:industryclassification:info": "253,240,241,41,42,43,44,50,265,266,231,232,33,35,36,38,39,260,261,262,7,263,8,2,3,259,6,26,27,45,216,246,250,251,252,1", "work:schedule:list": "253,240,241,41,42,43,44,50,265,266,231,232,33,35,36,38,39,260,261,262,7,263,8,2,3,259,6,26,27,45,216,246,250,251,252,1", "proc:repairorder:save": "253,240,241,41,42,43,44,50,265,266,231,232,33,35,36,38,39,260,261,262,7,263,8,2,3,259,6,26,27,45,216,246,250,251,252,1", "work:schedule:requestDate": "253,240,241,41,42,43,44,50,265,266,231,232,33,35,36,38,39,260,261,262,7,263,8,2,3,259,6,26,27,45,216,246,250,251,252,1", "proc:repairorder:reject": "1,2,260,261,262,7,263,8,3,259,6,33,35,36,38,39,26,265,266,231,232,27,41,42,43,44,50,45,216,240,241,246,250,251,252,253", "system:dept:list": "253,240,241,41,42,43,44,50,265,266,231,232,33,35,36,38,39,260,261,262,7,263,8,2,3,259,6,26,27,45,216,246,250,251,252,1", "system:user:list": "1,2,260,261,262,7,263,8,3,259,6,33,35,36,38,39,26,265,266,231,232,27,41,42,43,44,50,45,216,240,241,246,250,251,252,253"}, "professionAccess": {"system:user:query": "CLZY,JDZY,WBZY,CSZY", "proc:repairorder:list": "WBZY", "work:schedule:detail": "CLZY,GDZY,THZY,JDZY,WBZY,CSZY,CSZYE,8,GWZY", "system:menu:query": "CLZY,JDZY,WBZY,CSZY", "system:menu:list": "CLZY,JDZY,WBZY,CSZY", "work:table:list": "CLZY,GDZY,THZY,JDZY,WBZY,CSZY,CSZYE,8,GWZY", "work:schedule:list": "CLZY,GDZY,THZY,JDZY,WBZY,CSZY,CSZYE,8,GWZY", "work:schedule:requestDate": "CLZY,GDZY,THZY,JDZY,WBZY,CSZY,CSZYE,8,GWZY", "system:user:list": "CLZY,JDZY,WBZY,CSZY"}}, "expires_in": 43200}}
[2023-03-13 09:08:54,640][rest_client.py 52][INFO]: 接口请求的地址>>>http://10.89.33.54:3001/mro/ticketClassicOperationTable/table
[2023-03-13 09:08:54,640][rest_client.py 53][INFO]: 接口请求的方法>>>post
[2023-03-13 09:08:54,641][rest_client.py 57][INFO]: 接口请求的参数>>>
{
  "type": "1",
  "name": "API闵行开发区停役15641",
  "line": 3,
  "substation": 919,
  "code": "API1396651",
  "id": "",
  "fileName": ""
}
[2023-03-13 09:08:54,641][rest_client.py 61][INFO]: 接口请求头的参数>>>
{
  "Authorization": "cbf1b05b-a032-49fc-90dd-5315f2a7d636",
  "Content-Type": "application/json"
}
[2023-03-13 09:08:54,670][response_util.py 12][INFO]: 接口返回的内容>>>: {"code": 200, "msg": "操作成功", "data": null}
[2023-03-13 09:09:37,180][rest_client.py 52][INFO]: 接口请求的地址>>>http://10.89.33.54:3001/auth/login
[2023-03-13 09:09:37,181][rest_client.py 53][INFO]: 接口请求的方法>>>post
[2023-03-13 09:09:37,181][rest_client.py 57][INFO]: 接口请求的参数>>>
{
  "code": "3",
  "password": "1234Yzn@",
  "t": 1678429484623,
  "username": "Yuzhn",
  "uuid": "666c3e7b00c44f8f9e77f8a820b99418"
}
[2023-03-13 09:09:37,311][response_util.py 12][INFO]: 接口返回的内容>>>: {"code": 200, "msg": null, "data": {"access_token": "fff594e1-54ad-4b0a-a48f-0a5a1a9e8328", "userInfo": {"token": "fff594e1-54ad-4b0a-a48f-0a5a1a9e8328", "userid": 2260, "username": "Yuzhn", "loginTime": 1678669776632, "expireTime": 1678712976632, "ipaddr": "10.89.5.51", "permissions": ["system:user:resetPwd", "tech:process:list", "system:user:remove", "system:dept:remove", "system:menu:query", "system:menu:list", "system:role:list", "cm:industryclassification:info", "system:user:import", "work:table:list", "system:user:edit", "system:user:query", "proc:repairorder:confirmAndDistribute", "faultKnowledge:faultknowledgemanage:export", "system:role:edit", "system:user:add", "proc:repairorder:list", "system:dept:list", "system:user:export", "system:role:remove", "tech:process:info", "system:role:add", "proc:repairorder:close", "work:schedule:detail", "system:dept:query", "faultKnowledge:faultknowledgemanage:startProccess", "system:dept:edit", "system:user:list", "faultKnowledge:faultknowledgemanage:excelImport", "faultKnowledge:faultknowledgemanage:list", "proc:repairorder:update", "proc:repairorder:submit", "system:role:export", "work:schedule:list", "proc:repairorder:save", "proc:repairorder:delete", "work:schedule:requestDate", "faultKnowledge:faultknowledgemanage:savePre", "proc:repairorder:listToConfirm", "proc:repairorder:reject", "faultKnowledge:faultknowledgemanage:remove", "faultKnowledge:faultknowledgemanage:update", "system:role:query", "system:dept:add"], "roles": ["common"], "sysUser": {"createBy": "admin", "createTime": null, "updateBy": null, "updateTime": null, "userId": 2260, "deptId": 26, "lvl": null, "userName": "Yuzhn", "nickName": null, "email": "", "mobile": "13652365896", "gender": null, "genderName": null, "age": null, "avatar": "", "avatarName": null, "password": "$2a$10$4oYGiYJAp1VHwRE3m1YfauclWdeDk3QHrkc9CJP.4mxn0qQMno1J2", "status": "0", "delFlag": "0", "loginIp": "", "loginDate": null, "dept": {"createBy": null, "createTime": null, "updateBy": null, "updateTime": null, "deptId": 26, "parentId": 1, "ancestors": null, "deptName": "车辆部", "orderNum": "0", "leader": null, "phone": null, "email": null, "status": "0", "delFlag": null, "parentName": null, "children": [], "parent": null, "lvl": null, "isHavePermissions": null, "deptFlag": null, "createByName": null}, "roles": [{"createBy": null, "createTime": null, "updateBy": null, "updateTime": null, "roleId": 444, "roleName": "YY故障角色车辆专业", "roleKey": "common", "roleSort": null, "dataScope": "1", "menuCheckStrictly": null, "deptCheckStrictly": null, "remark": null, "status": "0", "delFlag": null, "flag": false, "menuIds": null, "deptIds": null, "admin": false}], "roleIds": null, "roleId": null, "name": "余贞妮", "workNumber": null, "job": 21, "jobName": null, "workingYears": null, "employForm": null, "employFormName": null, "entryDate": null, "politicalOutlook": null, "politicalOutlookName": null, "cardId": null, "nativePlace": null, "cornet": null, "addr": null, "carNumber": null, "vehicleNumber": null, "external": 0, "photo": null, "remark": null, "upDepts": null, "workType": null, "firstLogin": 0, "lastCheckPwdDate": "2023-03-08T16:00:00.000+00:00", "isRemind": null, "isExpireRemind": null, "needCheckPwd": 0, "admin": false}, "deptAccess": {"system:user:query": "1,2,260,261,262,7,263,8,3,259,6,33,35,36,38,39,26,265,266,231,232,27,41,42,43,44,50,45,216,240,241,246,250,251,252,253", "proc:repairorder:delete": "1,2,260,261,262,7,263,8,3,259,6,33,35,36,38,39,26,265,266,231,232,27,41,42,43,44,50,45,216,240,241,246,250,251,252,253", "proc:repairorder:list": "1,2,260,261,262,7,263,8,3,259,6,33,35,36,38,39,26,265,266,231,232,27,41,42,43,44,50,45,216,240,241,246,250,251,252,253", "proc:repairorder:close": "1,2,260,261,262,7,263,8,3,259,6,33,35,36,38,39,26,265,266,231,232,27,41,42,43,44,50,45,216,240,241,246,250,251,252,253", "proc:repairorder:submit": "253,240,241,41,42,43,44,50,265,266,231,232,33,35,36,38,39,260,261,262,7,263,8,2,3,259,6,26,27,45,216,246,250,251,252,1", "proc:repairorder:listToConfirm": "1,2,260,261,262,7,263,8,3,259,6,33,35,36,38,39,26,265,266,231,232,27,41,42,43,44,50,45,216,240,241,246,250,251,252,253", "proc:repairorder:confirmAndDistribute": "1,2,260,261,262,7,263,8,3,259,6,33,35,36,38,39,26,265,266,231,232,27,41,42,43,44,50,45,216,240,241,246,250,251,252,253", "work:schedule:detail": "253,240,241,41,42,43,44,50,265,266,231,232,33,35,36,38,39,260,261,262,7,263,8,2,3,259,6,26,27,45,216,246,250,251,252,1", "system:menu:query": "1,2,260,261,262,7,263,8,3,259,6,33,35,36,38,39,26,265,266,231,232,27,41,42,43,44,50,45,216,240,241,246,250,251,252,253", "system:menu:list": "1,2,260,261,262,7,263,8,3,259,6,33,35,36,38,39,26,265,266,231,232,27,41,42,43,44,50,45,216,240,241,246,250,251,252,253", "work:table:list": "253,240,241,41,42,43,44,50,265,266,231,232,33,35,36,38,39,260,261,262,7,263,8,2,3,259,6,26,27,45,216,246,250,251,252,1", "system:dept:query": "253,240,241,41,42,43,44,50,265,266,231,232,33,35,36,38,39,260,261,262,7,263,8,2,3,259,6,26,27,45,216,246,250,251,252,1", "proc:repairorder:update": "1,2,260,261,262,7,263,8,3,259,6,33,35,36,38,39,26,265,266,231,232,27,41,42,43,44,50,45,216,240,241,246,250,251,252,253", "cm:industryclassification:info": "253,240,241,41,42,43,44,50,265,266,231,232,33,35,36,38,39,260,261,262,7,263,8,2,3,259,6,26,27,45,216,246,250,251,252,1", "work:schedule:list": "253,240,241,41,42,43,44,50,265,266,231,232,33,35,36,38,39,260,261,262,7,263,8,2,3,259,6,26,27,45,216,246,250,251,252,1", "proc:repairorder:save": "253,240,241,41,42,43,44,50,265,266,231,232,33,35,36,38,39,260,261,262,7,263,8,2,3,259,6,26,27,45,216,246,250,251,252,1", "work:schedule:requestDate": "253,240,241,41,42,43,44,50,265,266,231,232,33,35,36,38,39,260,261,262,7,263,8,2,3,259,6,26,27,45,216,246,250,251,252,1", "proc:repairorder:reject": "1,2,260,261,262,7,263,8,3,259,6,33,35,36,38,39,26,265,266,231,232,27,41,42,43,44,50,45,216,240,241,246,250,251,252,253", "system:dept:list": "253,240,241,41,42,43,44,50,265,266,231,232,33,35,36,38,39,260,261,262,7,263,8,2,3,259,6,26,27,45,216,246,250,251,252,1", "system:user:list": "1,2,260,261,262,7,263,8,3,259,6,33,35,36,38,39,26,265,266,231,232,27,41,42,43,44,50,45,216,240,241,246,250,251,252,253"}, "professionAccess": {"system:user:query": "CLZY,JDZY,WBZY,CSZY", "proc:repairorder:list": "WBZY", "work:schedule:detail": "CLZY,GDZY,THZY,JDZY,WBZY,CSZY,CSZYE,8,GWZY", "system:menu:query": "CLZY,JDZY,WBZY,CSZY", "system:menu:list": "CLZY,JDZY,WBZY,CSZY", "work:table:list": "CLZY,GDZY,THZY,JDZY,WBZY,CSZY,CSZYE,8,GWZY", "work:schedule:list": "CLZY,GDZY,THZY,JDZY,WBZY,CSZY,CSZYE,8,GWZY", "work:schedule:requestDate": "CLZY,GDZY,THZY,JDZY,WBZY,CSZY,CSZYE,8,GWZY", "system:user:list": "CLZY,JDZY,WBZY,CSZY"}}, "expires_in": 43200}}
[2023-03-13 09:09:37,324][rest_client.py 52][INFO]: 接口请求的地址>>>http://10.89.33.54:3001/mro/ticketClassicOperationTable/table
[2023-03-13 09:09:37,324][rest_client.py 53][INFO]: 接口请求的方法>>>post
[2023-03-13 09:09:37,324][rest_client.py 57][INFO]: 接口请求的参数>>>
{
  "type": "1",
  "name": "API闵行开发区停役15698",
  "line": 3,
  "substation": 919,
  "code": "API474819629",
  "id": "",
  "fileName": ""
}
[2023-03-13 09:09:37,324][rest_client.py 61][INFO]: 接口请求头的参数>>>
{
  "Authorization": "fff594e1-54ad-4b0a-a48f-0a5a1a9e8328",
  "Content-Type": "application/json"
}
[2023-03-13 09:09:37,344][response_util.py 12][INFO]: 接口返回的内容>>>: {"code": 200, "msg": "操作成功", "data": null}
[2023-03-13 09:10:04,088][rest_client.py 52][INFO]: 接口请求的地址>>>http://10.89.33.54:3001/auth/login
[2023-03-13 09:10:04,088][rest_client.py 53][INFO]: 接口请求的方法>>>post
[2023-03-13 09:10:04,089][rest_client.py 57][INFO]: 接口请求的参数>>>
{
  "code": "3",
  "password": "1234Yzn@",
  "t": 1678429484623,
  "username": "Yuzhn",
  "uuid": "666c3e7b00c44f8f9e77f8a820b99418"
}
[2023-03-13 09:10:04,244][response_util.py 12][INFO]: 接口返回的内容>>>: {"code": 200, "msg": null, "data": {"access_token": "3b590b00-feaa-45c7-9ee3-e89f9e99ee51", "userInfo": {"token": "3b590b00-feaa-45c7-9ee3-e89f9e99ee51", "userid": 2260, "username": "Yuzhn", "loginTime": 1678669803559, "expireTime": 1678713003559, "ipaddr": "10.89.5.51", "permissions": ["system:user:resetPwd", "tech:process:list", "system:user:remove", "system:dept:remove", "system:menu:query", "system:menu:list", "system:role:list", "cm:industryclassification:info", "system:user:import", "work:table:list", "system:user:edit", "system:user:query", "proc:repairorder:confirmAndDistribute", "faultKnowledge:faultknowledgemanage:export", "system:role:edit", "system:user:add", "proc:repairorder:list", "system:dept:list", "system:user:export", "system:role:remove", "tech:process:info", "system:role:add", "proc:repairorder:close", "work:schedule:detail", "system:dept:query", "faultKnowledge:faultknowledgemanage:startProccess", "system:dept:edit", "system:user:list", "faultKnowledge:faultknowledgemanage:excelImport", "faultKnowledge:faultknowledgemanage:list", "proc:repairorder:update", "proc:repairorder:submit", "system:role:export", "work:schedule:list", "proc:repairorder:save", "proc:repairorder:delete", "work:schedule:requestDate", "faultKnowledge:faultknowledgemanage:savePre", "proc:repairorder:listToConfirm", "proc:repairorder:reject", "faultKnowledge:faultknowledgemanage:remove", "faultKnowledge:faultknowledgemanage:update", "system:role:query", "system:dept:add"], "roles": ["common"], "sysUser": {"createBy": "admin", "createTime": null, "updateBy": null, "updateTime": null, "userId": 2260, "deptId": 26, "lvl": null, "userName": "Yuzhn", "nickName": null, "email": "", "mobile": "13652365896", "gender": null, "genderName": null, "age": null, "avatar": "", "avatarName": null, "password": "$2a$10$4oYGiYJAp1VHwRE3m1YfauclWdeDk3QHrkc9CJP.4mxn0qQMno1J2", "status": "0", "delFlag": "0", "loginIp": "", "loginDate": null, "dept": {"createBy": null, "createTime": null, "updateBy": null, "updateTime": null, "deptId": 26, "parentId": 1, "ancestors": null, "deptName": "车辆部", "orderNum": "0", "leader": null, "phone": null, "email": null, "status": "0", "delFlag": null, "parentName": null, "children": [], "parent": null, "lvl": null, "isHavePermissions": null, "deptFlag": null, "createByName": null}, "roles": [{"createBy": null, "createTime": null, "updateBy": null, "updateTime": null, "roleId": 444, "roleName": "YY故障角色车辆专业", "roleKey": "common", "roleSort": null, "dataScope": "1", "menuCheckStrictly": null, "deptCheckStrictly": null, "remark": null, "status": "0", "delFlag": null, "flag": false, "menuIds": null, "deptIds": null, "admin": false}], "roleIds": null, "roleId": null, "name": "余贞妮", "workNumber": null, "job": 21, "jobName": null, "workingYears": null, "employForm": null, "employFormName": null, "entryDate": null, "politicalOutlook": null, "politicalOutlookName": null, "cardId": null, "nativePlace": null, "cornet": null, "addr": null, "carNumber": null, "vehicleNumber": null, "external": 0, "photo": null, "remark": null, "upDepts": null, "workType": null, "firstLogin": 0, "lastCheckPwdDate": "2023-03-08T16:00:00.000+00:00", "isRemind": null, "isExpireRemind": null, "needCheckPwd": 0, "admin": false}, "deptAccess": {"system:user:query": "1,2,260,261,262,7,263,8,3,259,6,33,35,36,38,39,26,265,266,231,232,27,41,42,43,44,50,45,216,240,241,246,250,251,252,253", "proc:repairorder:delete": "1,2,260,261,262,7,263,8,3,259,6,33,35,36,38,39,26,265,266,231,232,27,41,42,43,44,50,45,216,240,241,246,250,251,252,253", "proc:repairorder:list": "1,2,260,261,262,7,263,8,3,259,6,33,35,36,38,39,26,265,266,231,232,27,41,42,43,44,50,45,216,240,241,246,250,251,252,253", "proc:repairorder:close": "1,2,260,261,262,7,263,8,3,259,6,33,35,36,38,39,26,265,266,231,232,27,41,42,43,44,50,45,216,240,241,246,250,251,252,253", "proc:repairorder:submit": "253,240,241,41,42,43,44,50,265,266,231,232,33,35,36,38,39,260,261,262,7,263,8,2,3,259,6,26,27,45,216,246,250,251,252,1", "proc:repairorder:listToConfirm": "1,2,260,261,262,7,263,8,3,259,6,33,35,36,38,39,26,265,266,231,232,27,41,42,43,44,50,45,216,240,241,246,250,251,252,253", "proc:repairorder:confirmAndDistribute": "1,2,260,261,262,7,263,8,3,259,6,33,35,36,38,39,26,265,266,231,232,27,41,42,43,44,50,45,216,240,241,246,250,251,252,253", "work:schedule:detail": "253,240,241,41,42,43,44,50,265,266,231,232,33,35,36,38,39,260,261,262,7,263,8,2,3,259,6,26,27,45,216,246,250,251,252,1", "system:menu:query": "1,2,260,261,262,7,263,8,3,259,6,33,35,36,38,39,26,265,266,231,232,27,41,42,43,44,50,45,216,240,241,246,250,251,252,253", "system:menu:list": "1,2,260,261,262,7,263,8,3,259,6,33,35,36,38,39,26,265,266,231,232,27,41,42,43,44,50,45,216,240,241,246,250,251,252,253", "work:table:list": "253,240,241,41,42,43,44,50,265,266,231,232,33,35,36,38,39,260,261,262,7,263,8,2,3,259,6,26,27,45,216,246,250,251,252,1", "system:dept:query": "253,240,241,41,42,43,44,50,265,266,231,232,33,35,36,38,39,260,261,262,7,263,8,2,3,259,6,26,27,45,216,246,250,251,252,1", "proc:repairorder:update": "1,2,260,261,262,7,263,8,3,259,6,33,35,36,38,39,26,265,266,231,232,27,41,42,43,44,50,45,216,240,241,246,250,251,252,253", "cm:industryclassification:info": "253,240,241,41,42,43,44,50,265,266,231,232,33,35,36,38,39,260,261,262,7,263,8,2,3,259,6,26,27,45,216,246,250,251,252,1", "work:schedule:list": "253,240,241,41,42,43,44,50,265,266,231,232,33,35,36,38,39,260,261,262,7,263,8,2,3,259,6,26,27,45,216,246,250,251,252,1", "proc:repairorder:save": "253,240,241,41,42,43,44,50,265,266,231,232,33,35,36,38,39,260,261,262,7,263,8,2,3,259,6,26,27,45,216,246,250,251,252,1", "work:schedule:requestDate": "253,240,241,41,42,43,44,50,265,266,231,232,33,35,36,38,39,260,261,262,7,263,8,2,3,259,6,26,27,45,216,246,250,251,252,1", "proc:repairorder:reject": "1,2,260,261,262,7,263,8,3,259,6,33,35,36,38,39,26,265,266,231,232,27,41,42,43,44,50,45,216,240,241,246,250,251,252,253", "system:dept:list": "253,240,241,41,42,43,44,50,265,266,231,232,33,35,36,38,39,260,261,262,7,263,8,2,3,259,6,26,27,45,216,246,250,251,252,1", "system:user:list": "1,2,260,261,262,7,263,8,3,259,6,33,35,36,38,39,26,265,266,231,232,27,41,42,43,44,50,45,216,240,241,246,250,251,252,253"}, "professionAccess": {"system:user:query": "CLZY,JDZY,WBZY,CSZY", "proc:repairorder:list": "WBZY", "work:schedule:detail": "CLZY,GDZY,THZY,JDZY,WBZY,CSZY,CSZYE,8,GWZY", "system:menu:query": "CLZY,JDZY,WBZY,CSZY", "system:menu:list": "CLZY,JDZY,WBZY,CSZY", "work:table:list": "CLZY,GDZY,THZY,JDZY,WBZY,CSZY,CSZYE,8,GWZY", "work:schedule:list": "CLZY,GDZY,THZY,JDZY,WBZY,CSZY,CSZYE,8,GWZY", "work:schedule:requestDate": "CLZY,GDZY,THZY,JDZY,WBZY,CSZY,CSZYE,8,GWZY", "system:user:list": "CLZY,JDZY,WBZY,CSZY"}}, "expires_in": 43200}}
[2023-03-13 09:10:04,291][rest_client.py 52][INFO]: 接口请求的地址>>>http://10.89.33.54:3001/mro/ticketClassicOperationTable/table
[2023-03-13 09:10:04,292][rest_client.py 53][INFO]: 接口请求的方法>>>post
[2023-03-13 09:10:04,292][rest_client.py 57][INFO]: 接口请求的参数>>>
{
  "type": "1",
  "name": "API闵行开发区停役15638",
  "line": 3,
  "substation": 919,
  "code": "API186209492",
  "id": "",
  "fileName": ""
}
[2023-03-13 09:10:04,292][rest_client.py 61][INFO]: 接口请求头的参数>>>
{
  "Authorization": "3b590b00-feaa-45c7-9ee3-e89f9e99ee51",
  "Content-Type": "application/json"
}
[2023-03-13 09:10:04,324][response_util.py 12][INFO]: 接口返回的内容>>>: {"code": 200, "msg": "操作成功", "data": null}
